[INFO] Scanning for projects...
[INFO] 
[INFO] --------------------< com.studentmanagement:student-management >---------------------
[INFO] Building student-management 1.0.0
[INFO] --------------------------------[ jar ]---------------------------------
[INFO] 
[INFO] >>> spring-boot-maven-plugin:3.2.0:run (default-cli) > test-compile @ student-management >>>
[INFO] 
[INFO] --- maven-resources-plugin:3.3.1:resources (default-resources) @ student-management ---
[INFO] Copying 1 resource from src\main\resources to target\classes
[INFO] Copying 1 resource from src\main\resources to target\classes
[INFO] 
[INFO] --- maven-compiler-plugin:3.11.0:compile (default-compile) @ student-management ---
[INFO] Nothing to compile - all classes are up to date
[INFO] 
[INFO] --- maven-resources-plugin:3.3.1:testResources (default-testResources) @ student-management ---
[INFO] skip non existing resourceDirectory E:\wjh\codexProject\studentManagement\backend\src\test\resources
[INFO] 
[INFO] --- maven-compiler-plugin:3.11.0:testCompile (default-testCompile) @ student-management ---
[INFO] Nothing to compile - all classes are up to date
[INFO] 
[INFO] <<< spring-boot-maven-plugin:3.2.0:run (default-cli) < test-compile @ student-management <<<
[INFO] 
[INFO] 
[INFO] --- spring-boot-maven-plugin:3.2.0:run (default-cli) @ student-management ---
[INFO] Attaching agents: []

  .   ____          _            __ _ _
 /\\ / ___'_ __ _ _(_)_ __  __ _ \ \ \ \
( ( )\___ | '_ | '_| | '_ \/ _` | \ \ \ \
 \\/  ___)| |_)| | | | | || (_| |  ) ) ) )
  '  |____| .__|_| |_|_| |_\__, | / / / /
 =========|_|==============|___/=/_/_/_/
 :: Spring Boot ::                (v3.2.0)

2026-07-07T16:11:15.390+08:00  INFO 33744 --- [student-management] [           main] com.studentmanagement.StudentManagementApplication    : Starting StudentManagementApplication using Java 17.0.12 with PID 33744 (E:\wjh\codexProject\studentManagement\backend\target\classes started by 11 in E:\wjh\codexProject\studentManagement\backend)
2026-07-07T16:11:15.392+08:00  INFO 33744 --- [student-management] [           main] com.studentmanagement.StudentManagementApplication    : No active profile set, falling back to 1 default profile: "default"
2026-07-07T16:11:15.744+08:00  INFO 33744 --- [student-management] [           main] .s.d.r.c.RepositoryConfigurationDelegate : Bootstrapping Spring Data JPA repositories in DEFAULT mode.
2026-07-07T16:11:15.779+08:00  INFO 33744 --- [student-management] [           main] .s.d.r.c.RepositoryConfigurationDelegate : Finished Spring Data repository scanning in 30 ms. Found 3 JPA repository interfaces.
2026-07-07T16:11:16.113+08:00  INFO 33744 --- [student-management] [           main] o.s.b.w.embedded.tomcat.TomcatWebServer  : Tomcat initialized with port 8080 (http)
2026-07-07T16:11:16.119+08:00  INFO 33744 --- [student-management] [           main] o.apache.catalina.core.StandardService   : Starting service [Tomcat]
2026-07-07T16:11:16.120+08:00  INFO 33744 --- [student-management] [           main] o.apache.catalina.core.StandardEngine    : Starting Servlet engine: [Apache Tomcat/10.1.16]
2026-07-07T16:11:16.158+08:00  INFO 33744 --- [student-management] [           main] o.a.c.c.C.[Tomcat].[localhost].[/]       : Initializing Spring embedded WebApplicationContext
2026-07-07T16:11:16.159+08:00  INFO 33744 --- [student-management] [           main] w.s.c.ServletWebServerApplicationContext : Root WebApplicationContext: initialization completed in 740 ms
2026-07-07T16:11:16.235+08:00  INFO 33744 --- [student-management] [           main] o.hibernate.jpa.internal.util.LogHelper  : HHH000204: Processing PersistenceUnitInfo [name: default]
2026-07-07T16:11:16.262+08:00  INFO 33744 --- [student-management] [           main] org.hibernate.Version                    : HHH000412: Hibernate ORM core version 6.3.1.Final
2026-07-07T16:11:16.280+08:00  INFO 33744 --- [student-management] [           main] o.h.c.internal.RegionFactoryInitiator    : HHH000026: Second-level cache disabled
2026-07-07T16:11:16.399+08:00  INFO 33744 --- [student-management] [           main] o.s.o.j.p.SpringPersistenceUnitInfo      : No LoadTimeWeaver setup: ignoring JPA class transformer
2026-07-07T16:11:16.413+08:00  INFO 33744 --- [student-management] [           main] com.zaxxer.hikari.HikariDataSource       : HikariPool-1 - Starting...
2026-07-07T16:11:16.508+08:00  INFO 33744 --- [student-management] [           main] com.zaxxer.hikari.pool.HikariPool        : HikariPool-1 - Added connection com.mysql.cj.jdbc.ConnectionImpl@2674d4f6
2026-07-07T16:11:16.509+08:00  INFO 33744 --- [student-management] [           main] com.zaxxer.hikari.HikariDataSource       : HikariPool-1 - Start completed.
2026-07-07T16:11:16.539+08:00  WARN 33744 --- [student-management] [           main] org.hibernate.orm.deprecation            : HHH90000025: MySQLDialect does not need to be specified explicitly using 'hibernate.dialect' (remove the property setting and it will be selected by default)
2026-07-07T16:11:17.024+08:00  INFO 33744 --- [student-management] [           main] o.h.e.t.j.p.i.JtaPlatformInitiator       : HHH000489: No JTA platform available (set 'hibernate.transaction.jta.platform' to enable JTA platform integration)
2026-07-07T16:11:17.049+08:00  INFO 33744 --- [student-management] [           main] j.LocalContainerEntityManagerFactoryBean : Initialized JPA EntityManagerFactory for persistence unit 'default'
2026-07-07T16:11:17.271+08:00  WARN 33744 --- [student-management] [           main] JpaBaseConfiguration$JpaWebConfiguration : spring.jpa.open-in-view is enabled by default. Therefore, database queries may be performed during view rendering. Explicitly configure spring.jpa.open-in-view to disable this warning
2026-07-07T16:11:17.439+08:00  WARN 33744 --- [student-management] [           main] ConfigServletWebServerApplicationContext : Exception encountered during context initialization - cancelling refresh attempt: org.springframework.context.ApplicationContextException: Failed to start bean 'webServerStartStop'
2026-07-07T16:11:17.439+08:00  INFO 33744 --- [student-management] [           main] j.LocalContainerEntityManagerFactoryBean : Closing JPA EntityManagerFactory for persistence unit 'default'
2026-07-07T16:11:17.440+08:00  INFO 33744 --- [student-management] [           main] com.zaxxer.hikari.HikariDataSource       : HikariPool-1 - Shutdown initiated...
2026-07-07T16:11:17.444+08:00  INFO 33744 --- [student-management] [           main] com.zaxxer.hikari.HikariDataSource       : HikariPool-1 - Shutdown completed.
2026-07-07T16:11:17.451+08:00  INFO 33744 --- [student-management] [           main] .s.b.a.l.ConditionEvaluationReportLogger : 

Error starting ApplicationContext. To display the condition evaluation report re-run your application with 'debug' enabled.
2026-07-07T16:11:17.459+08:00 ERROR 33744 --- [student-management] [           main] o.s.b.d.LoggingFailureAnalysisReporter   : 

***************************
APPLICATION FAILED TO START
***************************

Description:

Web server failed to start. Port 8080 was already in use.

Action:

Identify and stop the process that's listening on port 8080 or configure this application to listen on another port.

[INFO] ------------------------------------------------------------------------
[INFO] BUILD FAILURE
[INFO] ------------------------------------------------------------------------
[INFO] Total time:  3.617 s
[INFO] Finished at: 2026-07-07T16:11:17+08:00
[INFO] ------------------------------------------------------------------------
[ERROR] Failed to execute goal org.springframework.boot:spring-boot-maven-plugin:3.2.0:run (default-cli) on project student-management: Process terminated with exit code: 1 -> [Help 1]
[ERROR] 
[ERROR] To see the full stack trace of the errors, re-run Maven with the -e switch.
[ERROR] Re-run Maven using the -X switch to enable full debug logging.
[ERROR] 
[ERROR] For more information about the errors and possible solutions, please read the following articles:
[ERROR] [Help 1] http://cwiki.apache.org/confluence/display/MAVEN/MojoExecutionException

