
  .   ____          _            __ _ _
 /\\ / ___'_ __ _ _(_)_ __  __ _ \ \ \ \
( ( )\___ | '_ | '_| | '_ \/ _` | \ \ \ \
 \\/  ___)| |_)| | | | | || (_| |  ) ) ) )
  '  |____| .__|_| |_|_| |_\__, | / / / /
 =========|_|==============|___/=/_/_/_/
 :: Spring Boot ::                (v3.2.0)

2026-07-11T08:43:48.843+08:00  INFO 33452 --- [student-management] [           main] com.studentmanagement.StudentManagementApplication    : Starting StudentManagementApplication v1.0.0 using Java 17.0.12 with PID 33452 (E:\wjh\codexProject\studentManagement\backend\target\student-management-1.0.0.jar started by 11 in E:\wjh\codexProject\studentManagement)
2026-07-11T08:43:48.846+08:00  INFO 33452 --- [student-management] [           main] com.studentmanagement.StudentManagementApplication    : No active profile set, falling back to 1 default profile: "default"
2026-07-11T08:43:49.581+08:00  INFO 33452 --- [student-management] [           main] .s.d.r.c.RepositoryConfigurationDelegate : Bootstrapping Spring Data JPA repositories in DEFAULT mode.
2026-07-11T08:43:49.631+08:00  INFO 33452 --- [student-management] [           main] .s.d.r.c.RepositoryConfigurationDelegate : Finished Spring Data repository scanning in 41 ms. Found 4 JPA repository interfaces.
2026-07-11T08:43:50.190+08:00  INFO 33452 --- [student-management] [           main] o.s.b.w.embedded.tomcat.TomcatWebServer  : Tomcat initialized with port 8080 (http)
2026-07-11T08:43:50.198+08:00  INFO 33452 --- [student-management] [           main] o.apache.catalina.core.StandardService   : Starting service [Tomcat]
2026-07-11T08:43:50.198+08:00  INFO 33452 --- [student-management] [           main] o.apache.catalina.core.StandardEngine    : Starting Servlet engine: [Apache Tomcat/10.1.16]
2026-07-11T08:43:50.229+08:00  INFO 33452 --- [student-management] [           main] o.a.c.c.C.[Tomcat].[localhost].[/]       : Initializing Spring embedded WebApplicationContext
2026-07-11T08:43:50.230+08:00  INFO 33452 --- [student-management] [           main] w.s.c.ServletWebServerApplicationContext : Root WebApplicationContext: initialization completed in 1307 ms
2026-07-11T08:43:50.527+08:00  INFO 33452 --- [student-management] [           main] o.hibernate.jpa.internal.util.LogHelper  : HHH000204: Processing PersistenceUnitInfo [name: default]
2026-07-11T08:43:50.593+08:00  INFO 33452 --- [student-management] [           main] org.hibernate.Version                    : HHH000412: Hibernate ORM core version 6.3.1.Final
2026-07-11T08:43:50.622+08:00  INFO 33452 --- [student-management] [           main] o.h.c.internal.RegionFactoryInitiator    : HHH000026: Second-level cache disabled
2026-07-11T08:43:50.806+08:00  INFO 33452 --- [student-management] [           main] o.s.o.j.p.SpringPersistenceUnitInfo      : No LoadTimeWeaver setup: ignoring JPA class transformer
2026-07-11T08:43:50.826+08:00  INFO 33452 --- [student-management] [           main] com.zaxxer.hikari.HikariDataSource       : HikariPool-1 - Starting...
2026-07-11T08:43:50.942+08:00  INFO 33452 --- [student-management] [           main] com.zaxxer.hikari.pool.HikariPool        : HikariPool-1 - Added connection com.mysql.cj.jdbc.ConnectionImpl@d6b532f
2026-07-11T08:43:50.943+08:00  INFO 33452 --- [student-management] [           main] com.zaxxer.hikari.HikariDataSource       : HikariPool-1 - Start completed.
2026-07-11T08:43:50.978+08:00  WARN 33452 --- [student-management] [           main] org.hibernate.orm.deprecation            : HHH90000025: MySQLDialect does not need to be specified explicitly using 'hibernate.dialect' (remove the property setting and it will be selected by default)
2026-07-11T08:43:51.536+08:00  INFO 33452 --- [student-management] [           main] o.h.e.t.j.p.i.JtaPlatformInitiator       : HHH000489: No JTA platform available (set 'hibernate.transaction.jta.platform' to enable JTA platform integration)
2026-07-11T08:43:51.568+08:00  INFO 33452 --- [student-management] [           main] j.LocalContainerEntityManagerFactoryBean : Initialized JPA EntityManagerFactory for persistence unit 'default'
JWT 过期时间已设置: 7200000ms (2小时)
2026-07-11T08:43:51.927+08:00  INFO 33452 --- [student-management] [           main] o.s.d.j.r.query.QueryEnhancerFactory     : Hibernate is in classpath; If applicable, HQL parser will be used.
2026-07-11T08:43:52.012+08:00  WARN 33452 --- [student-management] [           main] JpaBaseConfiguration$JpaWebConfiguration : spring.jpa.open-in-view is enabled by default. Therefore, database queries may be performed during view rendering. Explicitly configure spring.jpa.open-in-view to disable this warning
2026-07-11T08:43:52.604+08:00  INFO 33452 --- [student-management] [           main] o.s.b.w.embedded.tomcat.TomcatWebServer  : Tomcat started on port 8080 (http) with context path ''
2026-07-11T08:43:52.622+08:00  INFO 33452 --- [student-management] [           main] com.studentmanagement.StudentManagementApplication    : Started StudentManagementApplication in 4.164 seconds (process running for 4.629)

