
  .   ____          _            __ _ _
 /\\ / ___'_ __ _ _(_)_ __  __ _ \ \ \ \
( ( )\___ | '_ | '_| | '_ \/ _` | \ \ \ \
 \\/  ___)| |_)| | | | | || (_| |  ) ) ) )
  '  |____| .__|_| |_|_| |_\__, | / / / /
 =========|_|==============|___/=/_/_/_/
 :: Spring Boot ::                (v3.2.0)

2026-07-11T08:18:51.985+08:00  INFO 40680 --- [student-management] [           main] com.studentmanagement.StudentManagementApplication    : Starting StudentManagementApplication v1.0.0 using Java 17.0.12 with PID 40680 (E:\wjh\codexProject\studentManagement\backend\target\student-management-1.0.0.jar started by 11 in E:\wjh\codexProject\studentManagement\backend)
2026-07-11T08:18:51.987+08:00  INFO 40680 --- [student-management] [           main] com.studentmanagement.StudentManagementApplication    : No active profile set, falling back to 1 default profile: "default"
2026-07-11T08:18:52.761+08:00  INFO 40680 --- [student-management] [           main] .s.d.r.c.RepositoryConfigurationDelegate : Bootstrapping Spring Data JPA repositories in DEFAULT mode.
2026-07-11T08:18:52.809+08:00  INFO 40680 --- [student-management] [           main] .s.d.r.c.RepositoryConfigurationDelegate : Finished Spring Data repository scanning in 39 ms. Found 4 JPA repository interfaces.
2026-07-11T08:18:53.353+08:00  INFO 40680 --- [student-management] [           main] o.s.b.w.embedded.tomcat.TomcatWebServer  : Tomcat initialized with port 8080 (http)
2026-07-11T08:18:53.360+08:00  INFO 40680 --- [student-management] [           main] o.apache.catalina.core.StandardService   : Starting service [Tomcat]
2026-07-11T08:18:53.360+08:00  INFO 40680 --- [student-management] [           main] o.apache.catalina.core.StandardEngine    : Starting Servlet engine: [Apache Tomcat/10.1.16]
2026-07-11T08:18:53.404+08:00  INFO 40680 --- [student-management] [           main] o.a.c.c.C.[Tomcat].[localhost].[/]       : Initializing Spring embedded WebApplicationContext
2026-07-11T08:18:53.405+08:00  INFO 40680 --- [student-management] [           main] w.s.c.ServletWebServerApplicationContext : Root WebApplicationContext: initialization completed in 1339 ms
2026-07-11T08:18:53.635+08:00  INFO 40680 --- [student-management] [           main] o.hibernate.jpa.internal.util.LogHelper  : HHH000204: Processing PersistenceUnitInfo [name: default]
2026-07-11T08:18:53.719+08:00  INFO 40680 --- [student-management] [           main] org.hibernate.Version                    : HHH000412: Hibernate ORM core version 6.3.1.Final
2026-07-11T08:18:53.749+08:00  INFO 40680 --- [student-management] [           main] o.h.c.internal.RegionFactoryInitiator    : HHH000026: Second-level cache disabled
2026-07-11T08:18:53.952+08:00  INFO 40680 --- [student-management] [           main] o.s.o.j.p.SpringPersistenceUnitInfo      : No LoadTimeWeaver setup: ignoring JPA class transformer
2026-07-11T08:18:53.973+08:00  INFO 40680 --- [student-management] [           main] com.zaxxer.hikari.HikariDataSource       : HikariPool-1 - Starting...
2026-07-11T08:18:54.096+08:00  INFO 40680 --- [student-management] [           main] com.zaxxer.hikari.pool.HikariPool        : HikariPool-1 - Added connection com.mysql.cj.jdbc.ConnectionImpl@2cae5fa7
2026-07-11T08:18:54.097+08:00  INFO 40680 --- [student-management] [           main] com.zaxxer.hikari.HikariDataSource       : HikariPool-1 - Start completed.
2026-07-11T08:18:54.130+08:00  WARN 40680 --- [student-management] [           main] org.hibernate.orm.deprecation            : HHH90000025: MySQLDialect does not need to be specified explicitly using 'hibernate.dialect' (remove the property setting and it will be selected by default)
2026-07-11T08:18:54.710+08:00  INFO 40680 --- [student-management] [           main] o.h.e.t.j.p.i.JtaPlatformInitiator       : HHH000489: No JTA platform available (set 'hibernate.transaction.jta.platform' to enable JTA platform integration)
2026-07-11T08:18:54.743+08:00  INFO 40680 --- [student-management] [           main] j.LocalContainerEntityManagerFactoryBean : Initialized JPA EntityManagerFactory for persistence unit 'default'
2026-07-11T08:18:55.088+08:00  INFO 40680 --- [student-management] [           main] o.s.d.j.r.query.QueryEnhancerFactory     : Hibernate is in classpath; If applicable, HQL parser will be used.
2026-07-11T08:18:55.173+08:00  WARN 40680 --- [student-management] [           main] JpaBaseConfiguration$JpaWebConfiguration : spring.jpa.open-in-view is enabled by default. Therefore, database queries may be performed during view rendering. Explicitly configure spring.jpa.open-in-view to disable this warning
2026-07-11T08:18:55.736+08:00  INFO 40680 --- [student-management] [           main] o.s.b.w.embedded.tomcat.TomcatWebServer  : Tomcat started on port 8080 (http) with context path ''
2026-07-11T08:18:55.754+08:00  INFO 40680 --- [student-management] [           main] com.studentmanagement.StudentManagementApplication    : Started StudentManagementApplication in 4.105 seconds (process running for 4.557)

